#
# There is insufficient memory for the Java Runtime Environment to continue.
# Native memory allocation (mmap) failed to map 266338304 bytes. Error detail: G1 virtual space
# Possible reasons:
#   The system is out of physical RAM or swap space
#   This process is running with CompressedOops enabled, and the Java Heap may be blocking the growth of the native heap
# Possible solutions:
#   Reduce memory load on the system
#   Increase physical memory or swap space
#   Check if swap backing store is full
#   Decrease Java heap size (-Xmx/-Xms)
#   Decrease number of Java threads
#   Decrease Java thread stack sizes (-Xss)
#   Set larger code cache with -XX:ReservedCodeCacheSize=
#   JVM is running with Zero Based Compressed Oops mode in which the Java heap is
#     placed in the first 32GB address space. The Java Heap base address is the
#     maximum limit for the native heap growth. Please use -XX:HeapBaseMinAddress
#     to set the Java Heap base and to place the Java Heap above 32GB virtual address.
# This output file may be truncated or incomplete.
#
#  Out of Memory Error (os_windows.cpp:3618), pid=22892, tid=4272
#
# JRE version:  (17.0.15+6) (build )
# Java VM: OpenJDK 64-Bit Server VM (17.0.15+6, mixed mode, sharing, tiered, compressed oops, compressed class ptrs, g1 gc, windows-amd64)
# No core dump will be written. Minidumps are not enabled by default on client versions of Windows
#

---------------  S U M M A R Y ------------

Command Line: -Dfile.encoding=UTF-8 -Dstdout.encoding=UTF-8 -Dstderr.encoding=UTF-8 -XX:+ShowCodeDetailsInExceptionMessages view.MyCalculator

Host: Intel(R) Core(TM) i5-10400F CPU @ 2.90GHz, 12 cores, 15G,  Windows 11 , 64 bit Build 26100 (10.0.26100.3912)
Time: Fri May  9 14:41:05 2025 SE Asia Standard Time elapsed time: 2.032954 seconds (0d 0h 0m 2s)

---------------  T H R E A D  ---------------

Current thread (0x0000019667b1d6a0):  JavaThread "Unknown thread" [_thread_in_vm, id=4272, stack(0x0000005f9dd00000,0x0000005f9de00000)]

Stack: [0x0000005f9dd00000,0x0000005f9de00000]
Native frames: (J=compiled Java code, j=interpreted, Vv=VM code, C=native code)
V  [jvm.dll+0x682fc9]
V  [jvm.dll+0x839878]
V  [jvm.dll+0x83b323]
V  [jvm.dll+0x83b993]
V  [jvm.dll+0x24725f]
V  [jvm.dll+0x67fda9]
V  [jvm.dll+0x674c9a]
V  [jvm.dll+0x304d06]
V  [jvm.dll+0x30c1c6]
V  [jvm.dll+0x35dd4e]
V  [jvm.dll+0x35df8d]
V  [jvm.dll+0x2dc0cc]
V  [jvm.dll+0x2dcfe4]
V  [jvm.dll+0x80b7cb]
V  [jvm.dll+0x36b781]
V  [jvm.dll+0x7ea31f]
V  [jvm.dll+0x3f237e]
V  [jvm.dll+0x3f3eb1]
C  [jli.dll+0x5278]
C  [ucrtbase.dll+0x37b0]
C  [KERNEL32.DLL+0x2e8d7]
C  [ntdll.dll+0x9c5dc]


---------------  P R O C E S S  ---------------

Threads class SMR info:
_java_thread_list=0x00007ffa15337f58, length=0, elements={
}

Java Threads: ( => current thread )

Other Threads:
  0x0000019667b8b720 GCTaskThread "GC Thread#0" [stack: 0x0000005f9de00000,0x0000005f9df00000] [id=8700]
  0x0000019667b9d980 ConcurrentGCThread "G1 Main Marker" [stack: 0x0000005f9df00000,0x0000005f9e000000] [id=4688]
  0x0000019667b9e3a0 ConcurrentGCThread "G1 Conc#0" [stack: 0x0000005f9e000000,0x0000005f9e100000] [id=27476]

[error occurred during error reporting (printing all threads), id 0xc0000005, EXCEPTION_ACCESS_VIOLATION (0xc0000005) at pc=0x00007ffa14aecbf7]

VM state: not at safepoint (not fully initialized)

VM Mutex/Monitor currently owned by a thread:  ([mutex/lock_event])
[0x0000019667b19890] Heap_lock - owner thread: 0x0000019667b1d6a0

Heap address: 0x0000000702400000, size: 4060 MB, Compressed Oops mode: Zero based, Oop shift amount: 3

CDS archive(s) mapped at: [0x0000000000000000-0x0000000000000000-0x0000000000000000), size 0, SharedBaseAddress: 0x0000000800000000, ArchiveRelocationMode: 1.
Narrow klass base: 0x0000000000000000, Narrow klass shift: 0, Narrow klass range: 0x0

GC Precious Log:
<Empty>

Heap:
 garbage-first heap   total 0K, used 0K [0x0000000702400000, 0x0000000800000000)
  region size 2048K, 0 young (0K), 0 survivors (0K)

[error occurred during error reporting (printing heap information), id 0xc0000005, EXCEPTION_ACCESS_VIOLATION (0xc0000005) at pc=0x00007ffa14edc689]

GC Heap History (0 events):
No events

Dll operation events (1 events):
Event: 0.006 Loaded shared library C:\Program Files\Eclipse Adoptium\jdk-17.0.15.6-hotspot\bin\java.dll

Deoptimization events (0 events):
No events

Classes loaded (0 events):
No events

Classes unloaded (0 events):
No events

Classes redefined (0 events):
No events

Internal exceptions (0 events):
No events

VM Operations (0 events):
No events

Memory protections (0 events):
No events

Nmethod flushes (0 events):
No events

Events (0 events):
No events


Dynamic libraries:
0x00007ff7ecd80000 - 0x00007ff7ecd8e000 	C:\Program Files\Eclipse Adoptium\jdk-17.0.15.6-hotspot\bin\javaw.exe
0x00007ffa4ff00000 - 0x00007ffa50166000 	C:\WINDOWS\SYSTEM32\ntdll.dll
0x00007ff9fac90000 - 0x00007ff9facab000 	C:\Program Files\Avast Software\Avast\aswhook.dll
0x00007ffa4ed00000 - 0x00007ffa4edc9000 	C:\WINDOWS\System32\KERNEL32.DLL
0x00007ffa4d420000 - 0x00007ffa4d7ec000 	C:\WINDOWS\System32\KERNELBASE.dll
0x00007ffa4db70000 - 0x00007ffa4dcbb000 	C:\WINDOWS\System32\ucrtbase.dll
0x00007ffa30fb0000 - 0x00007ffa30fce000 	C:\Program Files\Eclipse Adoptium\jdk-17.0.15.6-hotspot\bin\VCRUNTIME140.dll
0x00007ffa31700000 - 0x00007ffa31717000 	C:\Program Files\Eclipse Adoptium\jdk-17.0.15.6-hotspot\bin\jli.dll
0x00007ffa4edd0000 - 0x00007ffa4ef9a000 	C:\WINDOWS\System32\USER32.dll
0x00007ffa35bd0000 - 0x00007ffa35e6a000 	C:\WINDOWS\WinSxS\amd64_microsoft.windows.common-controls_6595b64144ccf1df_6.0.26100.3912_none_3e07963ce335137e\COMCTL32.dll
0x00007ffa4d9e0000 - 0x00007ffa4da07000 	C:\WINDOWS\System32\win32u.dll
0x00007ffa4e7c0000 - 0x00007ffa4e869000 	C:\WINDOWS\System32\msvcrt.dll
0x00007ffa4dcc0000 - 0x00007ffa4dceb000 	C:\WINDOWS\System32\GDI32.dll
0x00007ffa4d8a0000 - 0x00007ffa4d9d2000 	C:\WINDOWS\System32\gdi32full.dll
0x00007ffa4d7f0000 - 0x00007ffa4d893000 	C:\WINDOWS\System32\msvcp_win.dll
0x00007ffa4fa50000 - 0x00007ffa4fa80000 	C:\WINDOWS\System32\IMM32.DLL
0x00007ffa483f0000 - 0x00007ffa483fc000 	C:\Program Files\Eclipse Adoptium\jdk-17.0.15.6-hotspot\bin\vcruntime140_1.dll
0x00007ffa1a6c0000 - 0x00007ffa1a74d000 	C:\Program Files\Eclipse Adoptium\jdk-17.0.15.6-hotspot\bin\msvcp140.dll
0x00007ffa14800000 - 0x00007ffa1546b000 	C:\Program Files\Eclipse Adoptium\jdk-17.0.15.6-hotspot\bin\server\jvm.dll
0x00007ffa4e290000 - 0x00007ffa4e342000 	C:\WINDOWS\System32\ADVAPI32.dll
0x00007ffa4fd90000 - 0x00007ffa4fe36000 	C:\WINDOWS\System32\sechost.dll
0x00007ffa4dcf0000 - 0x00007ffa4de06000 	C:\WINDOWS\System32\RPCRT4.dll
0x00007ffa4e350000 - 0x00007ffa4e3c4000 	C:\WINDOWS\System32\WS2_32.dll
0x00007ffa4bce0000 - 0x00007ffa4bd3e000 	C:\WINDOWS\SYSTEM32\POWRPROF.dll
0x00007ffa40610000 - 0x00007ffa40646000 	C:\WINDOWS\SYSTEM32\WINMM.dll
0x00007ffa47880000 - 0x00007ffa4788b000 	C:\WINDOWS\SYSTEM32\VERSION.dll
0x00007ffa4bcc0000 - 0x00007ffa4bcd4000 	C:\WINDOWS\SYSTEM32\UMPDC.dll
0x00007ffa4bf70000 - 0x00007ffa4bf8a000 	C:\WINDOWS\SYSTEM32\kernel.appcore.dll
0x00007ffa36810000 - 0x00007ffa3681a000 	C:\Program Files\Eclipse Adoptium\jdk-17.0.15.6-hotspot\bin\jimage.dll
0x00007ffa44a20000 - 0x00007ffa44c61000 	C:\WINDOWS\SYSTEM32\DBGHELP.DLL
0x00007ffa4df00000 - 0x00007ffa4e284000 	C:\WINDOWS\System32\combase.dll
0x00007ffa4de10000 - 0x00007ffa4def0000 	C:\WINDOWS\System32\OLEAUT32.dll
0x00007ffa449e0000 - 0x00007ffa44a19000 	C:\WINDOWS\SYSTEM32\dbgcore.DLL
0x00007ffa4dad0000 - 0x00007ffa4db69000 	C:\WINDOWS\System32\bcryptPrimitives.dll
0x00007ffa2f3d0000 - 0x00007ffa2f3f5000 	C:\Program Files\Eclipse Adoptium\jdk-17.0.15.6-hotspot\bin\java.dll

dbghelp: loaded successfully - version: 4.0.5 - missing functions: none
symbol engine: initialized successfully - sym options: 0x614 - pdb path: .;C:\Program Files\Eclipse Adoptium\jdk-17.0.15.6-hotspot\bin;C:\WINDOWS\SYSTEM32;C:\Program Files\Avast Software\Avast;C:\WINDOWS\WinSxS\amd64_microsoft.windows.common-controls_6595b64144ccf1df_6.0.26100.3912_none_3e07963ce335137e;C:\Program Files\Eclipse Adoptium\jdk-17.0.15.6-hotspot\bin\server

VM Arguments:
jvm_args: -Dfile.encoding=UTF-8 -Dstdout.encoding=UTF-8 -Dstderr.encoding=UTF-8 -XX:+ShowCodeDetailsInExceptionMessages 
java_command: view.MyCalculator
java_class_path (initial): F:\UITCode\CongNgheJava\eclipse-workspace\Java_80\bin
Launcher Type: SUN_STANDARD

[Global flags]
     intx CICompilerCount                          = 4                                         {product} {ergonomic}
     uint ConcGCThreads                            = 3                                         {product} {ergonomic}
     uint G1ConcRefinementThreads                  = 10                                        {product} {ergonomic}
   size_t G1HeapRegionSize                         = 2097152                                   {product} {ergonomic}
    uintx GCDrainStackTargetSize                   = 64                                        {product} {ergonomic}
   size_t InitialHeapSize                          = 266338304                                 {product} {ergonomic}
   size_t MarkStackSize                            = 4194304                                   {product} {ergonomic}
   size_t MaxHeapSize                              = 4257218560                                {product} {ergonomic}
   size_t MinHeapDeltaBytes                        = 2097152                                   {product} {ergonomic}
   size_t MinHeapSize                              = 8388608                                   {product} {ergonomic}
    uintx NonNMethodCodeHeapSize                   = 5839372                                {pd product} {ergonomic}
    uintx NonProfiledCodeHeapSize                  = 122909434                              {pd product} {ergonomic}
    uintx ProfiledCodeHeapSize                     = 122909434                              {pd product} {ergonomic}
    uintx ReservedCodeCacheSize                    = 251658240                              {pd product} {ergonomic}
     bool SegmentedCodeCache                       = true                                      {product} {ergonomic}
     bool ShowCodeDetailsInExceptionMessages       = true                                   {manageable} {command line}
   size_t SoftMaxHeapSize                          = 4257218560                             {manageable} {ergonomic}
     bool UseCompressedClassPointers               = true                           {product lp64_product} {ergonomic}
     bool UseCompressedOops                        = true                           {product lp64_product} {ergonomic}
     bool UseG1GC                                  = true                                      {product} {ergonomic}
     bool UseLargePagesIndividualAllocation        = false                                  {pd product} {ergonomic}

Logging:
Log output configuration:
 #0: stdout all=warning uptime,level,tags
 #1: stderr all=off uptime,level,tags

Environment Variables:
JAVA_HOME=C:\Program Files\Eclipse Adoptium\jdk-17.0.15.6-hotspot\
PATH=C:/Users/Le Tan Phat/.p2/pool/plugins/org.eclipse.justj.openjdk.hotspot.jre.full.win32.x86_64_21.0.6.v20250130-0529/jre/bin/server;C:/Users/Le Tan Phat/.p2/pool/plugins/org.eclipse.justj.openjdk.hotspot.jre.full.win32.x86_64_21.0.6.v20250130-0529/jre/bin;C:\Program Files\Eclipse Adoptium\jdk-17.0.15.6-hotspot\bin;D:\Program Files (x86)\VMware\VMware Workstation\bin\;C:\Program Files (x86)\Common Files\Oracle\Java\java8path;C:\Program Files (x86)\Common Files\Oracle\Java\javapath;C:\Windows\system32;C:\Windows;C:\Windows\System32\Wbem;C:\Windows\System32\WindowsPowerShell\v1.0\;C:\Windows\System32\OpenSSH\;C:\WINDOWS\system32;C:\WINDOWS;C:\WINDOWS\System32\Wbem;C:\WINDOWS\System32\WindowsPowerShell\v1.0\;C:\WINDOWS\System32\OpenSSH\;C:\msys64\ucrt64\bin;C:\Program Files (x86)\Microsoft SQL Server\160\Tools\Binn\;C:\Program Files\Microsoft SQL Server\160\Tools\Binn\;C:\Program Files\Microsoft SQL Server\Client SDK\ODBC\170\Tools\Binn\;C:\Program Files\Microsoft SQL Server\160\DTS\Binn\;C:\Program Files (x86)\Microsoft SQL Server\160\DTS\Binn\;C:\Program Files\Git\cmd;C:\Program Files\dotnet\;C:\Program Files\NVIDIA Corporation\NVIDIA app\NvDLISR;C:\Program Files (x86)\NVIDIA Corporation\PhysX\Common;C:\Program Files\nodejs\;C:\Users\Le Tan Phat\AppData\Local\Microsoft\WindowsApps;C:\Users\Le Tan Phat\AppData\Local\Programs\Microsoft VS Code\bin;C:\Program Files\Azure Data Studio\bin;C:\Users\Le Tan Phat\AppData\Roaming\npm;C:\Users\Le Tan Phat\Desktop;
USERNAME=Le Tan Phat
OS=Windows_NT
PROCESSOR_IDENTIFIER=Intel64 Family 6 Model 165 Stepping 3, GenuineIntel
TMP=C:\Users\LETANP~1\AppData\Local\Temp
TEMP=C:\Users\LETANP~1\AppData\Local\Temp



Periodic native trim disabled


---------------  S Y S T E M  ---------------

OS:
 Windows 11 , 64 bit Build 26100 (10.0.26100.3912)
OS uptime: 0 days 18:18 hours

CPU: total 12 (initial active 12) (6 cores per cpu, 2 threads per core) family 6 model 165 stepping 3 microcode 0xf0, cx8, cmov, fxsr, ht, mmx, 3dnowpref, sse, sse2, sse3, ssse3, sse4.1, sse4.2, popcnt, lzcnt, tsc, tscinvbit, avx, avx2, aes, erms, clmul, bmi1, bmi2, adx, fma, vzeroupper, clflush, clflushopt
Processor Information for all 12 processors :
  Max Mhz: 2904, Current Mhz: 2904, Mhz Limit: 2904

Memory: 4k page, system-wide physical 16232M (7144M free)
TotalPageFile size 18280M (AvailPageFile size 98M)
current process WorkingSet (physical memory assigned to process): 12M, peak: 12M
current process commit charge ("private bytes"): 65M, peak: 318M

vm_info: OpenJDK 64-Bit Server VM (17.0.15+6) for windows-amd64 JRE (17.0.15+6), built on Apr 15 2025 21:25:47 by "admin" with MS VC++ 17.7 (VS2022)

END.
